<?xml version="1.0" encoding="UTF-8"?>
<!-- Generated by org.testng.reporters.JUnitReportReporter -->
<testsuite hostname="DESKTOP-UFUVF4F" failures="0" tests="4" name="com.NopComm.TestLogin.TestClass" time="21.702" errors="0" timestamp="2022-10-14T09:10:14 IST" skipped="0">
  <testcase classname="com.NopComm.TestLogin.TestClass" name="logoVerify" time="5.297"/>
  <system-out/>
  <testcase classname="com.NopComm.TestLogin.TestClass" name="titleVerify" time="3.134"/>
  <system-out/>
  <testcase classname="com.NopComm.TestLogin.TestClass" name="chkBoxVerify" time="2.041"/>
  <system-out/>
  <testcase classname="com.NopComm.TestLogin.TestClass" name="loginVerify" time="11.230"/>
  <system-out/>
</testsuite> <!-- com.NopComm.TestLogin.TestClass -->
